2023-04-02 21:16:10.881384 - Initialized conversion of CBT056
2023-04-02 21:16:11.107924 - Received CBT.V504.FILE056.PDS from FILE056.XMI 
2023-04-02 21:16:11.110537 - Found $$$#DATE.txt (text/plain) in CBT.V504.FILE056.PDS, moved to PDS/$$$#DATE
2023-04-02 21:16:11.111741 - Found @FILE056.txt (text/plain) in CBT.V504.FILE056.PDS, moved to PDS/@FILE056
2023-04-02 21:16:11.113087 - Found SLSSCOMP.txt (text/plain) in CBT.V504.FILE056.PDS, moved to PDS/SLSSCOMP
2023-04-02 21:16:11.114252 - Found SLSSLOCS.txt (text/plain) in CBT.V504.FILE056.PDS, moved to PDS/SLSSLOCS
2023-04-02 21:16:11.115366 - Found SLSSPRNT.txt (text/plain) in CBT.V504.FILE056.PDS, moved to PDS/SLSSPRNT
2023-04-02 21:16:11.116721 - Found SLSSPRT1.txt (text/plain) in CBT.V504.FILE056.PDS, moved to PDS/SLSSPRT1
2023-04-02 21:16:11.117879 - Found SLSSXICS.txt (text/plain) in CBT.V504.FILE056.PDS, moved to PDS/SLSSXICS
2023-04-02 21:16:11.119146 - Found USRADD$.jcl (text/plain) in CBT.V504.FILE056.PDS, moved to PDS/USRADD$
2023-04-02 21:16:11.120279 - Found USRADD1.jcl (text/plain) in CBT.V504.FILE056.PDS, moved to PDS/USRADD1
2023-04-02 21:16:11.121640 - Found USRADD2.jcl (text/plain) in CBT.V504.FILE056.PDS, moved to PDS/USRADD2
2023-04-02 21:16:11.122693 - Found USRADD3.jcl (text/plain) in CBT.V504.FILE056.PDS, moved to PDS/USRADD3
2023-04-02 21:16:11.123885 - Found USRADD4.jcl (text/plain) in CBT.V504.FILE056.PDS, moved to PDS/USRADD4
2023-04-02 21:16:11.125048 - Found USRADD5.jcl (text/plain) in CBT.V504.FILE056.PDS, moved to PDS/USRADD5
2023-04-02 21:16:11.126334 - Found USRADD6.jcl (text/plain) in CBT.V504.FILE056.PDS, moved to PDS/USRADD6
2023-04-02 21:16:11.127377 - Found USRADD7.jcl (text/plain) in CBT.V504.FILE056.PDS, moved to PDS/USRADD7
2023-04-02 21:16:11.128657 - Found USRADD8.jcl (text/plain) in CBT.V504.FILE056.PDS, moved to PDS/USRADD8
2023-04-02 21:16:11.129857 - Found USRDEL$.jcl (text/plain) in CBT.V504.FILE056.PDS, moved to PDS/USRDEL$
2023-04-02 21:16:11.131051 - Found USRDEL1.jcl (text/plain) in CBT.V504.FILE056.PDS, moved to PDS/USRDEL1
2023-04-02 21:16:11.132161 - Found USRDEL2.jcl (text/plain) in CBT.V504.FILE056.PDS, moved to PDS/USRDEL2
2023-04-02 21:16:11.133154 - Found USRDEL3.jcl (text/plain) in CBT.V504.FILE056.PDS, moved to PDS/USRDEL3
2023-04-02 21:16:11.134155 - Found USRDEL4.jcl (text/plain) in CBT.V504.FILE056.PDS, moved to PDS/USRDEL4
2023-04-02 21:16:11.135450 - Found USRDEL5.jcl (text/plain) in CBT.V504.FILE056.PDS, moved to PDS/USRDEL5
2023-04-02 21:16:11.136740 - Found USRDEL6.jcl (text/plain) in CBT.V504.FILE056.PDS, moved to PDS/USRDEL6
2023-04-02 21:16:11.137995 - Found USRDEL7.jcl (text/plain) in CBT.V504.FILE056.PDS, moved to PDS/USRDEL7
2023-04-02 21:16:11.138985 - Found USRDEL8.jcl (text/plain) in CBT.V504.FILE056.PDS, moved to PDS/USRDEL8
2023-04-02 21:16:11.140159 - Found USRUPD$.jcl (text/plain) in CBT.V504.FILE056.PDS, moved to PDS/USRUPD$
2023-04-02 21:16:11.141358 - Found USRUPD1.jcl (text/plain) in CBT.V504.FILE056.PDS, moved to PDS/USRUPD1
2023-04-02 21:16:11.142394 - Found USRUPD2.jcl (text/plain) in CBT.V504.FILE056.PDS, moved to PDS/USRUPD2
2023-04-02 21:16:11.143448 - Found USRUPD3.jcl (text/plain) in CBT.V504.FILE056.PDS, moved to PDS/USRUPD3
2023-04-02 21:16:11.144631 - Found USRUPD4.jcl (text/plain) in CBT.V504.FILE056.PDS, moved to PDS/USRUPD4
2023-04-02 21:16:11.145637 - Found USRUPD5.jcl (text/plain) in CBT.V504.FILE056.PDS, moved to PDS/USRUPD5
2023-04-02 21:16:11.146619 - Found USRUPD6.jcl (text/plain) in CBT.V504.FILE056.PDS, moved to PDS/USRUPD6
2023-04-02 21:16:11.147723 - Found USRUPD7.jcl (text/plain) in CBT.V504.FILE056.PDS, moved to PDS/USRUPD7
2023-04-02 21:16:11.148851 - Found USRUPD8.jcl (text/plain) in CBT.V504.FILE056.PDS, moved to PDS/USRUPD8
